#0 building with "default" instance using docker driver

#1 [internal] load build definition from Dockerfile
#1 transferring dockerfile: 1.21kB done
#1 WARN: FromAsCasing: 'as' and 'FROM' keywords' casing do not match (line 2)
#1 WARN: FromAsCasing: 'as' and 'FROM' keywords' casing do not match (line 10)
#1 WARN: FromAsCasing: 'as' and 'FROM' keywords' casing do not match (line 42)
#1 WARN: FromAsCasing: 'as' and 'FROM' keywords' casing do not match (line 47)
#1 WARN: FromAsCasing: 'as' and 'FROM' keywords' casing do not match (line 51)
#1 DONE 0.0s

#2 [internal] load metadata for docker.io/library/node:20-alpine
#2 DONE 0.3s

#3 [internal] load .dockerignore
#3 transferring context: 62B done
#3 DONE 0.0s

#4 [ui-builder 1/5] FROM docker.io/library/node:20-alpine@sha256:fb4cd12c85ee03686f6af5362a0b0d56d50c58a04632e6c0fb8363f609372293
#4 resolve docker.io/library/node:20-alpine@sha256:fb4cd12c85ee03686f6af5362a0b0d56d50c58a04632e6c0fb8363f609372293 0.0s done
#4 DONE 0.0s

#5 [internal] load build context
#5 transferring context: 1.17MB 0.8s done
#5 DONE 0.9s

#6 [ui-builder 2/5] RUN mkdir /app
#6 CACHED

#7 [ui-builder 3/5] COPY web-client /app
#7 CACHED

#8 [ui-builder 4/5] WORKDIR /app
#8 CACHED

#9 [ui-builder 5/5] RUN yarn install && yarn build
#9 0.749 yarn install v1.22.22
#9 0.920 [1/4] Resolving packages...
#9 1.201 [2/4] Fetching packages...
#9 21.93 [3/4] Linking dependencies...
#9 21.94 warning " > @reach/dialog@0.18.0" has incorrect peer dependency "react@^16.8.0 || 17.x".
#9 21.94 warning " > @reach/dialog@0.18.0" has incorrect peer dependency "react-dom@^16.8.0 || 17.x".
#9 21.94 warning "@reach/dialog > @reach/polymorphic@0.18.0" has incorrect peer dependency "react@^16.8.0 || 17.x".
#9 21.94 warning "@reach/dialog > @reach/portal@0.18.0" has incorrect peer dependency "react@^16.8.0 || 17.x".
#9 21.94 warning "@reach/dialog > @reach/portal@0.18.0" has incorrect peer dependency "react-dom@^16.8.0 || 17.x".
#9 21.94 warning "@reach/dialog > @reach/utils@0.18.0" has incorrect peer dependency "react@^16.8.0 || 17.x".
#9 21.94 warning "@reach/dialog > @reach/utils@0.18.0" has incorrect peer dependency "react-dom@^16.8.0 || 17.x".
#9 21.94 warning "@reach/dialog > react-focus-lock@2.5.2" has incorrect peer dependency "react@^16.8.0 || ^17.0.0".
#9 21.94 warning "@reach/dialog > react-remove-scroll@2.4.3" has incorrect peer dependency "react@^16.8.0 || ^17.0.0".
#9 26.41 [4/4] Building fresh packages...
#9 26.65 Done in 25.92s.
#9 27.02 yarn run v1.22.22
#9 27.10 $ vite build
#9 27.48 [33mThe CJS build of Vite's Node API is deprecated. See https://vite.dev/guide/troubleshooting.html#vite-cjs-node-api-deprecated for more details.[39m
#9 27.54 vite v5.4.21 building for production...
#9 28.12 transforming...
#9 32.64 ✓ 327 modules transformed.
#9 33.22 rendering chunks...
#9 33.24 computing gzip size...
#9 33.27 build/index.html                   0.88 kB │ gzip:   0.43 kB
#9 33.27 build/assets/index-DzNb6ZwE.css   26.60 kB │ gzip:   5.19 kB
#9 33.27 build/assets/index-DrKMwkkm.js   417.17 kB │ gzip: 135.58 kB
#9 33.27 ✓ built in 5.68s
#9 33.32 Done in 6.31s.
#9 DONE 37.3s

#10 exporting to image
#10 exporting layers
#10 exporting layers 52.5s done
#10 exporting manifest sha256:e0dc9efcc183e7a6e33c1f1f8ac729bc33a611fabd697805af2619a6d2ff85cb
#10 exporting manifest sha256:e0dc9efcc183e7a6e33c1f1f8ac729bc33a611fabd697805af2619a6d2ff85cb 0.0s done
#10 exporting config sha256:2108347b6905ecd2acd1c8a7a84796006ec359e8e8ab6c4db077aa398b7fa719 0.0s done
#10 exporting attestation manifest sha256:6aeab2fc4ae3b511161fd8b7dc3513d4eaa669bfe78a3b2e870a71209b14ddda 0.0s done
#10 exporting manifest list sha256:6dc3007f80912c997de4af4e3648aaf888882392b0c97db75c2e205f8276857b 0.0s done
#10 naming to docker.io/library/pm-ui-test:latest done
#10 unpacking to docker.io/library/pm-ui-test:latest
#10 unpacking to docker.io/library/pm-ui-test:latest 19.0s done
#10 DONE 71.6s

 [33m5 warnings found (use docker --debug to expand):
[0m - FromAsCasing: 'as' and 'FROM' keywords' casing do not match (line 2)
 - FromAsCasing: 'as' and 'FROM' keywords' casing do not match (line 10)
 - FromAsCasing: 'as' and 'FROM' keywords' casing do not match (line 42)
 - FromAsCasing: 'as' and 'FROM' keywords' casing do not match (line 47)
 - FromAsCasing: 'as' and 'FROM' keywords' casing do not match (line 51)
